<?xml version="1.0" encoding="UTF-8"?>
<!-- Generated by org.testng.reporters.JUnitXMLReporter -->
<testsuite ignored="0" hostname="LAPTOP-UEGT74F0" failures="0" tests="3" name="edge" time="26.73" errors="0" timestamp="2025-12-16T19:28:22 IST">
  <testcase classname="parallel_testing.Parallel_testing" name="testLogo" time="0.746"/>
  <testcase classname="parallel_testing.Parallel_testing" name="testTitle" time="0.021"/>
  <testcase classname="parallel_testing.Parallel_testing" name="testURL" time="0.023"/>
</testsuite> <!-- edge -->
