<?xml version="1.0" encoding="UTF-8"?>
<!-- Generated by org.testng.reporters.JUnitXMLReporter -->
<testsuite ignored="0" hostname="LAPTOP-UEGT74F0" failures="0" tests="9" name="Testxml" time="0.066" errors="0" timestamp="2025-12-15T11:49:25 IST">
  <testcase classname="grouping_demooo.Signup" name="signupnByEmail" time="0.006"/>
  <testcase classname="grouping_demooo.Signup" name="signupByFacebook" time="0.001"/>
  <testcase classname="grouping_demooo.Signup" name="signupByTwitter" time="0.0"/>
  <testcase classname="grouping_demooo.PaymentTest" name="paymentInRupees" time="0.001"/>
  <testcase classname="grouping_demooo.PaymentTest" name="paymentInDollar" time="0.0"/>
  <testcase classname="grouping_demooo.PaymentTest" name="paymentInGold" time="0.0"/>
  <testcase classname="grouping_demooo.Grouping_demo" name="loginByEmail" time="0.001"/>
  <testcase classname="grouping_demooo.Grouping_demo" name="loginByFacebook" time="0.002"/>
  <testcase classname="grouping_demooo.Grouping_demo" name="loginByTwitter" time="0.001"/>
</testsuite> <!-- Testxml -->
