<?xml version="1.0" encoding="UTF-8"?>
<!-- Generated by org.testng.reporters.JUnitXMLReporter -->
<testsuite ignored="0" hostname="LAPTOP-UEGT74F0" failures="1" tests="3" name="Test" time="11.574" errors="0" timestamp="2025-12-15T18:12:34 IST">
  <testcase classname="listeners_demo.Listeners_demo1" name="testLogo" time="0.652">
    <failure type="java.lang.AssertionError" message="expected [false] but found [true]">
      <![CDATA[java.lang.AssertionError: expected [false] but found [true]
at listeners_demo.Listeners_demo1.testLogo(Listeners_demo1.java:31)
at java.base/java.util.ArrayList.forEach(ArrayList.java:1541)
... Removed 34 stack frames]]>
    </failure>
  </testcase> <!-- testLogo -->
  <testcase classname="listeners_demo.Listeners_demo1" name="testAppURL" time="0.016"/>
  <testcase classname="listeners_demo.Listeners_demo1" name="testHomePageTitle" time="0.021"/>
</testsuite> <!-- Test -->
