<?xml version="1.0" encoding="UTF-8"?>
<!-- Generated by org.testng.reporters.JUnitXMLReporter -->
<testsuite ignored="0" hostname="LAPTOP-UEGT74F0" failures="0" tests="3" name="Test" time="28.333" errors="0" timestamp="2025-12-16T19:27:55 IST">
  <testcase classname="parallel_testing.Parallel_testing" name="testLogo" time="2.791"/>
  <testcase classname="parallel_testing.Parallel_testing" name="testTitle" time="0.017"/>
  <testcase classname="parallel_testing.Parallel_testing" name="testURL" time="0.014"/>
</testsuite> <!-- Test -->
