<?xml version="1.0" encoding="UTF-8"?>
<testng-results ignored="0" total="1" passed="1" failed="0" skipped="0">
  <reporter-output>
  </reporter-output>
  <suite started-at="2025-12-15T20:55:23 IST" name="Default suite" finished-at="2025-12-15T20:56:24 IST" duration-ms="60821">
    <groups>
    </groups>
    <test started-at="2025-12-15T20:55:23 IST" name="Default test" finished-at="2025-12-15T20:56:24 IST" duration-ms="60821">
      <class name="pom_demo.Test_login">
        <test-method is-config="true" signature="setup()[pri:0, instance:pom_demo.Test_login@d737b89]" started-at="2025-12-15T20:55:23 IST" name="setup" finished-at="2025-12-15T20:56:10 IST" duration-ms="47589" status="PASS">
          <reporter-output>
          </reporter-output>
        </test-method> <!-- setup -->
        <test-method signature="testlogin()[pri:0, instance:pom_demo.Test_login@d737b89]" started-at="2025-12-15T20:56:10 IST" name="testlogin" finished-at="2025-12-15T20:56:23 IST" duration-ms="12434" status="PASS">
          <reporter-output>
          </reporter-output>
        </test-method> <!-- testlogin -->
        <test-method is-config="true" signature="tearBreak()[pri:0, instance:pom_demo.Test_login@d737b89]" started-at="2025-12-15T20:56:23 IST" name="tearBreak" finished-at="2025-12-15T20:56:24 IST" duration-ms="712" status="PASS">
          <reporter-output>
          </reporter-output>
        </test-method> <!-- tearBreak -->
      </class> <!-- pom_demo.Test_login -->
    </test> <!-- Default test -->
  </suite> <!-- Default suite -->
</testng-results>
