<?xml version="1.0" encoding="UTF-8"?>
<!-- Generated by org.testng.reporters.JUnitReportReporter -->
<testsuite hostname="LAPTOP-UEGT74F0" failures="0" tests="6" name="parallel_testing.Parallel_testing" time="2.867" errors="0" timestamp="2025-12-15T16:39:16 IST" skipped="0">
  <testcase classname="parallel_testing.Parallel_testing" name="testLogo" time="0.420"/>
  <testcase classname="parallel_testing.Parallel_testing" name="testLogo" time="2.403"/>
  <testcase classname="parallel_testing.Parallel_testing" name="testTitle" time="0.012"/>
  <testcase classname="parallel_testing.Parallel_testing" name="testTitle" time="0.012"/>
  <testcase classname="parallel_testing.Parallel_testing" name="testURL" time="0.009"/>
  <testcase classname="parallel_testing.Parallel_testing" name="testURL" time="0.011"/>
</testsuite> <!-- parallel_testing.Parallel_testing -->
