<?xml version="1.0" encoding="UTF-8"?>
<!-- Generated by org.testng.reporters.JUnitReportReporter -->
<testsuite hostname="LAPTOP-UEGT74F0" failures="0" tests="3" name="grouping_demooo.PaymentTest" time="0.001" errors="0" timestamp="2025-12-15T11:49:25 IST" skipped="0">
  <testcase classname="grouping_demooo.PaymentTest" name="paymentInRupees" time="0.001"/>
  <testcase classname="grouping_demooo.PaymentTest" name="paymentInDollar" time="0.000"/>
  <testcase classname="grouping_demooo.PaymentTest" name="paymentInGold" time="0.000"/>
</testsuite> <!-- grouping_demooo.PaymentTest -->
