<?xml version="1.0" encoding="UTF-8"?>
<!-- Generated by org.testng.reporters.JUnitReportReporter -->
<testsuite hostname="LAPTOP-UEGT74F0" failures="0" tests="3" name="grouping_demooo.Signup" time="0.007" errors="0" timestamp="2025-12-15T11:49:25 IST" skipped="0">
  <testcase classname="grouping_demooo.Signup" name="signupnByEmail" time="0.006"/>
  <testcase classname="grouping_demooo.Signup" name="signupByFacebook" time="0.001"/>
  <testcase classname="grouping_demooo.Signup" name="signupByTwitter" time="0.000"/>
</testsuite> <!-- grouping_demooo.Signup -->
