<?xml version="1.0" encoding="UTF-8"?>
<!-- Generated by org.testng.reporters.JUnitReportReporter -->
<testsuite hostname="LAPTOP-UEGT74F0" failures="0" tests="3" name="testng_demo1.Testcase1" time="0.013" errors="0" timestamp="2025-12-13T20:20:16 IST" skipped="0">
  <testcase classname="testng_demo1.Testcase1" name="openapp" time="0.006"/>
  <testcase classname="testng_demo1.Testcase1" name="login" time="0.005"/>
  <testcase classname="testng_demo1.Testcase1" name="logout" time="0.002"/>
</testsuite> <!-- testng_demo1.Testcase1 -->
