<?xml version="1.0" encoding="UTF-8"?>
<!-- Generated by org.testng.reporters.JUnitReportReporter -->
<testsuite hostname="LAPTOP-UEGT74F0" failures="0" tests="3" name="grouping_demooo.Grouping_demo" time="0.009" errors="0" timestamp="2025-12-15T12:50:03 IST" skipped="0">
  <testcase classname="grouping_demooo.Grouping_demo" name="loginByEmail" time="0.007"/>
  <testcase classname="grouping_demooo.Grouping_demo" name="loginByFacebook" time="0.001"/>
  <testcase classname="grouping_demooo.Grouping_demo" name="loginByTwitter" time="0.001"/>
</testsuite> <!-- grouping_demooo.Grouping_demo -->
