<?xml version="1.0" encoding="UTF-8"?>
<!-- Generated by org.testng.reporters.JUnitReportReporter -->
<testsuite hostname="LAPTOP-UEGT74F0" failures="0" tests="4" name="testng_demo1.DemoTest_2" time="13.395" errors="0" timestamp="2025-12-15T08:53:27 IST" skipped="0">
  <testcase classname="testng_demo1.DemoTest_2" name="openapp" time="12.827"/>
  <testcase classname="testng_demo1.DemoTest_2" name="testlogo" time="0.144"/>
  <testcase classname="testng_demo1.DemoTest_2" name="login" time="0.001"/>
  <testcase classname="testng_demo1.DemoTest_2" name="logout" time="0.423"/>
</testsuite> <!-- testng_demo1.DemoTest_2 -->
