<?xml version="1.0" encoding="UTF-8"?>
<!-- Generated by org.testng.reporters.JUnitReportReporter -->
<testsuite hostname="LAPTOP-UEGT74F0" failures="0" tests="6" name="parallel_testing.Parallel_testing" time="3.612" errors="0" timestamp="2025-12-16T19:28:22 IST" skipped="0">
  <testcase classname="parallel_testing.Parallel_testing" name="testLogo" time="0.746"/>
  <testcase classname="parallel_testing.Parallel_testing" name="testLogo" time="2.791"/>
  <testcase classname="parallel_testing.Parallel_testing" name="testTitle" time="0.021"/>
  <testcase classname="parallel_testing.Parallel_testing" name="testTitle" time="0.017"/>
  <testcase classname="parallel_testing.Parallel_testing" name="testURL" time="0.023"/>
  <testcase classname="parallel_testing.Parallel_testing" name="testURL" time="0.014"/>
</testsuite> <!-- parallel_testing.Parallel_testing -->
